Arguments: 
  /usr/local/bin/node /usr/local/bin/yarn install

PATH: 
  /usr/local/bin:/usr/bin:/bin:/usr/sbin:/sbin

Yarn version: 
  0.19.1

Node version: 
  7.5.0

Platform: 
  darwin x64

npm manifest: 
  {
    "name": "ponyracer",
    "version": "0.0.0",
    "license": "MIT",
    "angular-cli": {},
    "scripts": {
      "start": "ng serve",
      "lint": "tslint \"src/**/*.ts\" --force",
      "test": "ng test",
      "pree2e": "webdriver-manager update --standalone false --gecko false",
      "e2e": "protractor",
      "ng2ninja": "ng2ninja"
    },
    "private": true,
    "dependencies": {
      "@angular/common": "2.4.3",
      "@angular/compiler": "2.4.3",
      "@angular/core": "2.4.3",
      "@angular/forms": "2.4.3",
      "@angular/http": "2.4.3",
      "@angular/platform-browser": "2.4.3",
      "@angular/platform-browser-dynamic": "2.4.3",
      "@angular/router": "3.4.3",
      "core-js": "2.4.1",
      "rxjs": "5.0.2",
      "ts-helpers": "1.1.2",
      "zone.js": "0.7.4"
    },
    "devDependencies": {
      "@angular/compiler-cli": "2.4.3",
      "@types/jasmine": "2.5.38",
      "@types/node": "6.0.54",
      "angular-cli": "1.0.0-beta.25.5",
      "codelyzer": "2.0.0-beta.4",
      "jasmine-core": "2.5.2",
      "jasmine-spec-reporter": "2.7.0",
      "karma": "1.3.0",
      "karma-chrome-launcher": "2.0.0",
      "karma-cli": "1.0.1",
      "karma-firefox-launcher": "1.0.0",
      "karma-jasmine": "1.1.0",
      "karma-json-reporter": "1.2.0",
      "karma-remap-istanbul": "0.4.0",
      "ng2ninja": "1.0.9",
      "protractor": "4.0.14",
      "ts-node": "1.7.3",
      "tslint": "4.3.0",
      "typescript": "2.0.10"
    }
  }

yarn manifest: 
  No manifest

Lockfile: 
  No lockfile

Trace: 
  Error: 140736179835840:error:1408F119:SSL routines:SSL3_GET_RECORD:decryption failed or bad record mac:../deps/openssl/openssl/ssl/s3_pkt.c:535:
